<?xml version="1.0" encoding="UTF-8"?>
<testng-results ignored="0" total="2" passed="2" failed="0" skipped="0">
  <reporter-output>
  </reporter-output>
  <suite started-at="2025-01-18T18:42:17 IST" name="Suite" finished-at="2025-01-18T18:43:02 IST" duration-ms="44135">
    <groups>
    </groups>
    <test started-at="2025-01-18T18:42:17 IST" name="Test1" finished-at="2025-01-18T18:42:50 IST" duration-ms="32673">
      <class name="Page_Validation.HomeNav_Testing">
        <test-method is-config="true" signature="SetUp()[pri:0, instance:Page_Validation.HomeNav_Testing@34a3d150]" started-at="2025-01-18T18:42:18 IST" name="SetUp" finished-at="2025-01-18T18:42:32 IST" duration-ms="14644" status="PASS">
          <reporter-output>
          </reporter-output>
        </test-method> <!-- SetUp -->
        <test-method signature="NavValidation()[pri:0, instance:Page_Validation.HomeNav_Testing@34a3d150]" started-at="2025-01-18T18:42:32 IST" name="NavValidation" finished-at="2025-01-18T18:42:49 IST" duration-ms="16725" status="PASS">
          <reporter-output>
          </reporter-output>
        </test-method> <!-- NavValidation -->
        <test-method is-config="true" signature="TearDown()[pri:0, instance:Page_Validation.HomeNav_Testing@34a3d150]" started-at="2025-01-18T18:42:50 IST" name="TearDown" finished-at="2025-01-18T18:42:50 IST" duration-ms="514" status="PASS">
          <reporter-output>
          </reporter-output>
        </test-method> <!-- TearDown -->
      </class> <!-- Page_Validation.HomeNav_Testing -->
    </test> <!-- Test1 -->
    <test started-at="2025-01-18T18:42:17 IST" name="Test2" finished-at="2025-01-18T18:43:02 IST" duration-ms="44135">
      <class name="Page_Validation.KnowGoSectionLinks_Validation">
        <test-method is-config="true" signature="SetUp()[pri:0, instance:Page_Validation.KnowGoSectionLinks_Validation@489115ef]" started-at="2025-01-18T18:42:18 IST" name="SetUp" finished-at="2025-01-18T18:42:32 IST" duration-ms="14583" status="PASS">
          <reporter-output>
          </reporter-output>
        </test-method> <!-- SetUp -->
        <test-method signature="SectionLinksValidation()[pri:0, instance:Page_Validation.KnowGoSectionLinks_Validation@489115ef]" started-at="2025-01-18T18:42:32 IST" name="SectionLinksValidation" finished-at="2025-01-18T18:43:01 IST" duration-ms="28476" status="PASS">
          <reporter-output>
          </reporter-output>
        </test-method> <!-- SectionLinksValidation -->
        <test-method is-config="true" signature="TearDown()[pri:0, instance:Page_Validation.KnowGoSectionLinks_Validation@489115ef]" started-at="2025-01-18T18:43:01 IST" name="TearDown" finished-at="2025-01-18T18:43:02 IST" duration-ms="544" status="PASS">
          <reporter-output>
          </reporter-output>
        </test-method> <!-- TearDown -->
      </class> <!-- Page_Validation.KnowGoSectionLinks_Validation -->
    </test> <!-- Test2 -->
  </suite> <!-- Suite -->
</testng-results>
